<?xml version="1.0" encoding="UTF-8"?>
<!-- Generated by org.testng.reporters.JUnitReportReporter -->
<testsuite hostname="DESKTOP-K4GS90G" failures="0" tests="1" name="batch7.TestNgTest" time="9.490" errors="0" timestamp="2023-11-21T21:04:38 BDT" skipped="0">
  <testcase classname="batch7.TestNgTest" name="Test1" time="9.490"/>
</testsuite> <!-- batch7.TestNgTest -->
